<?xml version="1.0" encoding="UTF-8"?>
<testng-results ignored="0" total="7" passed="7" failed="0" skipped="0">
  <reporter-output>
  </reporter-output>
  <suite started-at="2025-02-24T15:59:36 IST" name="Default suite" finished-at="2025-02-24T16:00:17 IST" duration-ms="40423">
    <groups>
    </groups>
    <test started-at="2025-02-24T15:59:36 IST" name="Default test" finished-at="2025-02-24T16:00:17 IST" duration-ms="40423">
      <class name="winspect.com.Winspect_Desktop">
        <test-method is-config="true" signature="Test_A()[pri:0, instance:winspect.com.Winspect_Desktop@1aafa419]" started-at="2025-02-24T15:59:23 IST" name="Test_A" finished-at="2025-02-24T15:59:36 IST" duration-ms="13519" status="PASS">
          <reporter-output>
          </reporter-output>
        </test-method> <!-- Test_A -->
        <test-method signature="company_Key()[pri:1, instance:winspect.com.Winspect_Desktop@1aafa419]" started-at="2025-02-24T15:59:36 IST" name="company_Key" finished-at="2025-02-24T15:59:51 IST" duration-ms="14425" status="PASS">
          <reporter-output>
          </reporter-output>
        </test-method> <!-- company_Key -->
        <test-method signature="userName()[pri:2, instance:winspect.com.Winspect_Desktop@1aafa419]" started-at="2025-02-24T15:59:51 IST" name="userName" finished-at="2025-02-24T15:59:52 IST" duration-ms="1352" status="PASS">
          <reporter-output>
          </reporter-output>
        </test-method> <!-- userName -->
        <test-method signature="password()[pri:3, instance:winspect.com.Winspect_Desktop@1aafa419]" started-at="2025-02-24T15:59:52 IST" name="password" finished-at="2025-02-24T15:59:54 IST" duration-ms="1626" status="PASS">
          <reporter-output>
          </reporter-output>
        </test-method> <!-- password -->
        <test-method signature="signIn()[pri:4, instance:winspect.com.Winspect_Desktop@1aafa419]" started-at="2025-02-24T15:59:54 IST" name="signIn" finished-at="2025-02-24T15:59:55 IST" duration-ms="1215" status="PASS">
          <reporter-output>
          </reporter-output>
        </test-method> <!-- signIn -->
        <test-method signature="orderCard()[pri:5, instance:winspect.com.Winspect_Desktop@1aafa419]" started-at="2025-02-24T15:59:55 IST" name="orderCard" finished-at="2025-02-24T16:00:09 IST" duration-ms="14440" status="PASS">
          <reporter-output>
          </reporter-output>
        </test-method> <!-- orderCard -->
        <test-method signature="agreementPopup()[pri:7, instance:winspect.com.Winspect_Desktop@1aafa419]" started-at="2025-02-24T16:00:09 IST" name="agreementPopup" finished-at="2025-02-24T16:00:15 IST" duration-ms="5791" status="PASS">
          <reporter-output>
          </reporter-output>
        </test-method> <!-- agreementPopup -->
        <test-method signature="continueInsoection()[pri:8, instance:winspect.com.Winspect_Desktop@1aafa419]" started-at="2025-02-24T16:00:15 IST" name="continueInsoection" finished-at="2025-02-24T16:00:17 IST" duration-ms="1517" status="PASS">
          <reporter-output>
          </reporter-output>
        </test-method> <!-- continueInsoection -->
      </class> <!-- winspect.com.Winspect_Desktop -->
    </test> <!-- Default test -->
  </suite> <!-- Default suite -->
</testng-results>
