<?xml version="1.0" encoding="UTF-8"?>
<!-- Generated by org.testng.reporters.JUnitXMLReporter -->
<testsuite ignored="0" hostname="Balaji-Kathirwals-MacBook-Pro.local" failures="0" tests="7" name="Default test" time="40.423" errors="0" timestamp="2025-02-24T16:00:17 IST">
  <testcase classname="winspect.com.Winspect_Desktop" name="company_Key" time="14.425"/>
  <testcase classname="winspect.com.Winspect_Desktop" name="userName" time="1.352"/>
  <testcase classname="winspect.com.Winspect_Desktop" name="password" time="1.626"/>
  <testcase classname="winspect.com.Winspect_Desktop" name="signIn" time="1.215"/>
  <testcase classname="winspect.com.Winspect_Desktop" name="orderCard" time="14.44"/>
  <testcase classname="winspect.com.Winspect_Desktop" name="agreementPopup" time="5.791"/>
  <testcase classname="winspect.com.Winspect_Desktop" name="continueInsoection" time="1.517"/>
</testsuite> <!-- Default test -->
